<?xml version="1.0" encoding="UTF-8"?>
<testsuite xmlns:xsi="http://www.w3.org/2001/XMLSchema-instance" xsi:noNamespaceSchemaLocation="https://maven.apache.org/surefire/maven-surefire-plugin/xsd/surefire-test-report-3.0.xsd" version="3.0" name="com.supersection.CarRentalSystemTest" time="1.557" tests="6" errors="0" skipped="0" failures="0">
  <properties>
[...]
</properties>
  <testcase name="testAddCustomer" classname="com.supersection.CarRentalSystemTest" time="1.468">
    <system-err><![CDATA[WARNING: A Java agent has been loaded dynamically (C:\Users\soumo\.m2\repository\net\bytebuddy\byte-buddy-agent\1.14.10\byte-buddy-agent-1.14.10.jar)
WARNING: If a serviceability tool is in use, please run with -XX:+EnableDynamicAgentLoading to hide this warning
WARNING: If a serviceability tool is not in use, please run with -Djdk.instrument.traceUsage for more information
WARNING: Dynamic loading of agents will be disallowed by default in a future release
]]></system-err>
  </testcase>
  <testcase name="testReturnCar_Success" classname="com.supersection.CarRentalSystemTest" time="0.013">
    <system-out><![CDATA[Rental ID: 9575IPX
Car returned successfully.
]]></system-out>
  </testcase>
  <testcase name="testReturnCar_Failure_InvalidRentalId" classname="com.supersection.CarRentalSystemTest" time="0.004">
    <system-out><![CDATA[Car was not rented.
]]></system-out>
  </testcase>
  <testcase name="testRentCar_Success" classname="com.supersection.CarRentalSystemTest" time="0.015">
    <system-out><![CDATA[Rental ID: 0468DTI
]]></system-out>
  </testcase>
  <testcase name="testAddCar" classname="com.supersection.CarRentalSystemTest" time="0.009"/>
  <testcase name="testRentCar_Failure_CarNotAvailable" classname="com.supersection.CarRentalSystemTest" time="0.006">
    <system-out><![CDATA[Car is not available for rent.
]]></system-out>
  </testcase>
</testsuite>